  arkiologic_game.cpp
C:\Users\olesy\OneDrive\cpp_progects_drafts\arkiologic_game\arkiologic_game\arkiologic_game\Header.h(127,34): warning C4244: '=': conversion from 'unsigned __int64' to 'float', possible loss of data
  (compiling source file 'arkiologic_game.cpp')
  
C:\Users\olesy\OneDrive\cpp_progects_drafts\arkiologic_game\arkiologic_game\arkiologic_game\Header.h(132,22): warning C4244: '=': conversion from 'int' to 'float', possible loss of data
  (compiling source file 'arkiologic_game.cpp')
  
C:\Users\olesy\OneDrive\cpp_progects_drafts\arkiologic_game\arkiologic_game\arkiologic_game\Header.h(137,83): warning C4244: '+=': conversion from 'float' to 'int', possible loss of data
  (compiling source file 'arkiologic_game.cpp')
  
C:\Users\olesy\OneDrive\cpp_progects_drafts\arkiologic_game\arkiologic_game\arkiologic_game\Header.h(138,58): warning C4244: 'argument': conversion from 'float' to 'const unsigned __int64', possible loss of data
  (compiling source file 'arkiologic_game.cpp')
  
C:\Users\olesy\OneDrive\cpp_progects_drafts\arkiologic_game\arkiologic_game\arkiologic_game\Header.h(141,30): warning C4244: 'initializing': conversion from 'float' to 'int', possible loss of data
  (compiling source file 'arkiologic_game.cpp')
  
C:\Users\olesy\OneDrive\cpp_progects_drafts\arkiologic_game\arkiologic_game\arkiologic_game\Header.h(151,34): warning C4244: '=': conversion from 'unsigned __int64' to 'float', possible loss of data
  (compiling source file 'arkiologic_game.cpp')
  
C:\Users\olesy\OneDrive\cpp_progects_drafts\arkiologic_game\arkiologic_game\arkiologic_game\Header.h(156,13): warning C4244: '=': conversion from 'int' to 'float', possible loss of data
  (compiling source file 'arkiologic_game.cpp')
  
C:\Users\olesy\OneDrive\cpp_progects_drafts\arkiologic_game\arkiologic_game\arkiologic_game\Header.h(157,13): warning C4244: '=': conversion from 'int' to 'float', possible loss of data
  (compiling source file 'arkiologic_game.cpp')
  
C:\Users\olesy\OneDrive\cpp_progects_drafts\arkiologic_game\arkiologic_game\arkiologic_game\Header.h(160,34): warning C4244: '=': conversion from 'unsigned __int64' to 'float', possible loss of data
  (compiling source file 'arkiologic_game.cpp')
  
C:\Users\olesy\OneDrive\cpp_progects_drafts\arkiologic_game\arkiologic_game\arkiologic_game\Header.h(170,83): warning C4244: '+=': conversion from 'float' to 'int', possible loss of data
  (compiling source file 'arkiologic_game.cpp')
  
C:\Users\olesy\OneDrive\cpp_progects_drafts\arkiologic_game\arkiologic_game\arkiologic_game\Header.h(171,58): warning C4244: 'argument': conversion from 'float' to 'const unsigned __int64', possible loss of data
  (compiling source file 'arkiologic_game.cpp')
  
C:\Users\olesy\OneDrive\cpp_progects_drafts\arkiologic_game\arkiologic_game\arkiologic_game\Header.h(174,30): warning C4244: 'initializing': conversion from 'float' to 'int', possible loss of data
  (compiling source file 'arkiologic_game.cpp')
  
C:\Users\olesy\OneDrive\cpp_progects_drafts\arkiologic_game\arkiologic_game\arkiologic_game\Header.h(184,34): warning C4244: '=': conversion from 'unsigned __int64' to 'float', possible loss of data
  (compiling source file 'arkiologic_game.cpp')
  
C:\Users\olesy\OneDrive\cpp_progects_drafts\arkiologic_game\arkiologic_game\arkiologic_game\Header.h(198,13): warning C4244: '=': conversion from 'int' to 'float', possible loss of data
  (compiling source file 'arkiologic_game.cpp')
  
C:\Users\olesy\OneDrive\cpp_progects_drafts\arkiologic_game\arkiologic_game\arkiologic_game\Header.h(199,13): warning C4244: '=': conversion from 'int' to 'float', possible loss of data
  (compiling source file 'arkiologic_game.cpp')
  
C:\Users\olesy\OneDrive\cpp_progects_drafts\arkiologic_game\arkiologic_game\arkiologic_game\Header.h(218,13): warning C4244: '=': conversion from 'int' to 'float', possible loss of data
  (compiling source file 'arkiologic_game.cpp')
  
C:\Users\olesy\OneDrive\cpp_progects_drafts\arkiologic_game\arkiologic_game\arkiologic_game\Header.h(219,13): warning C4244: '=': conversion from 'int' to 'float', possible loss of data
  (compiling source file 'arkiologic_game.cpp')
  
C:\Users\olesy\OneDrive\cpp_progects_drafts\arkiologic_game\arkiologic_game\arkiologic_game\Header.h(221,31): warning C4244: '=': conversion from 'unsigned __int64' to 'float', possible loss of data
  (compiling source file 'arkiologic_game.cpp')
  
C:\Users\olesy\OneDrive\cpp_progects_drafts\arkiologic_game\arkiologic_game\arkiologic_game\Header.h(222,35): warning C4244: '=': conversion from 'unsigned __int64' to 'float', possible loss of data
  (compiling source file 'arkiologic_game.cpp')
  
C:\Users\olesy\OneDrive\cpp_progects_drafts\arkiologic_game\arkiologic_game\arkiologic_game\Header.h(245,13): warning C4244: '=': conversion from 'int' to 'float', possible loss of data
  (compiling source file 'arkiologic_game.cpp')
  
C:\Users\olesy\OneDrive\cpp_progects_drafts\arkiologic_game\arkiologic_game\arkiologic_game\Header.h(246,13): warning C4244: '=': conversion from 'int' to 'float', possible loss of data
  (compiling source file 'arkiologic_game.cpp')
  
C:\Users\olesy\OneDrive\cpp_progects_drafts\arkiologic_game\arkiologic_game\arkiologic_game\Header.h(254,31): warning C4244: '=': conversion from 'unsigned __int64' to 'float', possible loss of data
  (compiling source file 'arkiologic_game.cpp')
  
C:\Users\olesy\OneDrive\cpp_progects_drafts\arkiologic_game\arkiologic_game\arkiologic_game\Header.h(255,35): warning C4244: '=': conversion from 'unsigned __int64' to 'float', possible loss of data
  (compiling source file 'arkiologic_game.cpp')
  
C:\Users\olesy\OneDrive\cpp_progects_drafts\arkiologic_game\arkiologic_game\arkiologic_game\Header.h(270,13): warning C4244: '=': conversion from 'int' to 'float', possible loss of data
  (compiling source file 'arkiologic_game.cpp')
  
C:\Users\olesy\OneDrive\cpp_progects_drafts\arkiologic_game\arkiologic_game\arkiologic_game\Header.h(271,13): warning C4244: '=': conversion from 'int' to 'float', possible loss of data
  (compiling source file 'arkiologic_game.cpp')
  
C:\Users\olesy\OneDrive\cpp_progects_drafts\arkiologic_game\arkiologic_game\arkiologic_game\Header.h(279,31): warning C4244: '=': conversion from 'unsigned __int64' to 'float', possible loss of data
  (compiling source file 'arkiologic_game.cpp')
  
C:\Users\olesy\OneDrive\cpp_progects_drafts\arkiologic_game\arkiologic_game\arkiologic_game\Header.h(280,35): warning C4244: '=': conversion from 'unsigned __int64' to 'float', possible loss of data
  (compiling source file 'arkiologic_game.cpp')
  
C:\Users\olesy\OneDrive\cpp_progects_drafts\arkiologic_game\arkiologic_game\arkiologic_game\Header.h(435,65): warning C4267: 'argument': conversion from 'size_t' to 'int', possible loss of data
  (compiling source file 'arkiologic_game.cpp')
  
C:\Users\olesy\OneDrive\cpp_progects_drafts\arkiologic_game\arkiologic_game\arkiologic_game\Header.h(482,88): warning C4244: 'argument': conversion from 'int' to 'float', possible loss of data
  (compiling source file 'arkiologic_game.cpp')
  
C:\Users\olesy\OneDrive\cpp_progects_drafts\arkiologic_game\arkiologic_game\arkiologic_game\Header.h(482,49): warning C4244: 'argument': conversion from 'int' to 'float', possible loss of data
  (compiling source file 'arkiologic_game.cpp')
  
C:\Users\olesy\OneDrive\cpp_progects_drafts\arkiologic_game\arkiologic_game\arkiologic_game\Header.h(540,17): warning C4244: '=': conversion from 'int' to 'float', possible loss of data
  (compiling source file 'arkiologic_game.cpp')
  
C:\Users\olesy\OneDrive\cpp_progects_drafts\arkiologic_game\arkiologic_game\arkiologic_game\Header.h(541,17): warning C4244: '=': conversion from 'int' to 'float', possible loss of data
  (compiling source file 'arkiologic_game.cpp')
  
C:\Users\olesy\OneDrive\cpp_progects_drafts\arkiologic_game\arkiologic_game\arkiologic_game\Header.h(543,34): warning C4244: '=': conversion from 'int' to 'float', possible loss of data
  (compiling source file 'arkiologic_game.cpp')
  
C:\Users\olesy\OneDrive\cpp_progects_drafts\arkiologic_game\arkiologic_game\arkiologic_game\Header.h(544,35): warning C4244: '=': conversion from 'int' to 'float', possible loss of data
  (compiling source file 'arkiologic_game.cpp')
  
C:\Users\olesy\OneDrive\cpp_progects_drafts\arkiologic_game\arkiologic_game\arkiologic_game\Header.h(550,26): warning C4244: 'initializing': conversion from 'float' to 'int', possible loss of data
  (compiling source file 'arkiologic_game.cpp')
  
C:\Users\olesy\OneDrive\cpp_progects_drafts\arkiologic_game\arkiologic_game\arkiologic_game\Header.h(555,30): warning C4244: 'argument': conversion from 'int' to 'float', possible loss of data
  (compiling source file 'arkiologic_game.cpp')
  
C:\Users\olesy\OneDrive\cpp_progects_drafts\arkiologic_game\arkiologic_game\arkiologic_game\Header.h(567,26): warning C4305: '-=': truncation from 'double' to 'float'
  (compiling source file 'arkiologic_game.cpp')
  
C:\Users\olesy\OneDrive\cpp_progects_drafts\arkiologic_game\arkiologic_game\arkiologic_game\Header.h(575,27): warning C4018: '<': signed/unsigned mismatch
  (compiling source file 'arkiologic_game.cpp')
  
C:\Program Files\Microsoft Visual Studio\2022\Community\VC\Tools\MSVC\14.41.34120\include\xmemory(700,103): warning C4244: 'argument': conversion from '_Ty' to 'float', possible loss of data
C:\Program Files\Microsoft Visual Studio\2022\Community\VC\Tools\MSVC\14.41.34120\include\xmemory(700,103): warning C4244:         with
C:\Program Files\Microsoft Visual Studio\2022\Community\VC\Tools\MSVC\14.41.34120\include\xmemory(700,103): warning C4244:         [
C:\Program Files\Microsoft Visual Studio\2022\Community\VC\Tools\MSVC\14.41.34120\include\xmemory(700,103): warning C4244:             _Ty=int
C:\Program Files\Microsoft Visual Studio\2022\Community\VC\Tools\MSVC\14.41.34120\include\xmemory(700,103): warning C4244:         ]
  (compiling source file 'arkiologic_game.cpp')
      C:\Program Files\Microsoft Visual Studio\2022\Community\VC\Tools\MSVC\14.41.34120\include\xmemory(700,103):
      the template instantiation context (the oldest one first) is
          C:\Users\olesy\OneDrive\cpp_progects_drafts\arkiologic_game\arkiologic_game\arkiologic_game\Header.h(590,15):
          see reference to function template instantiation 'void std::vector<text_squere,std::allocator<text_squere>>::emplace_back<int,int,std::string&,int>(int &&,int &&,std::string &,int &&)' being compiled
          C:\Program Files\Microsoft Visual Studio\2022\Community\VC\Tools\MSVC\14.41.34120\include\vector(858,24):
          see reference to function template instantiation '_Ty &std::vector<_Ty,std::allocator<_Ty>>::_Emplace_one_at_back<int,int,std::string&,int>(int &&,int &&,std::string &,int &&)' being compiled
          with
          [
              _Ty=text_squere
          ]
          C:\Program Files\Microsoft Visual Studio\2022\Community\VC\Tools\MSVC\14.41.34120\include\vector(776,20):
          see reference to function template instantiation '_Ty &std::vector<_Ty,std::allocator<_Ty>>::_Emplace_back_with_unused_capacity<int,int,std::string&,int>(int &&,int &&,std::string &,int &&)' being compiled
          with
          [
              _Ty=text_squere
          ]
          C:\Program Files\Microsoft Visual Studio\2022\Community\VC\Tools\MSVC\14.41.34120\include\vector(794,27):
          see reference to function template instantiation 'void std::_Default_allocator_traits<_Alloc>::construct<_Ty,int,int,std::string&,int>(_Alloc &,_Objty *const ,int &&,int &&,std::string &,int &&)' being compiled
          with
          [
              _Alloc=std::allocator<text_squere>,
              _Ty=text_squere,
              _Objty=text_squere
          ]
  
  arkiologic_game.vcxproj -> C:\Users\olesy\OneDrive\cpp_progects_drafts\arkiologic_game\arkiologic_game\x64\Debug\arkiologic_game.exe
